This file contains any messages produced by compilers while
running configure, to aid debugging if configure makes a mistake.

It was created by configure, which was
generated by GNU Autoconf 2.59.  Invocation command line was

  $ ./configure 

## --------- ##
## Platform. ##
## --------- ##

hostname = pi2
uname -m = armv7l
uname -r = 3.18.7-v7+
uname -s = Linux
uname -v = #755 SMP PREEMPT Thu Feb 12 17:20:48 GMT 2015

/usr/bin/uname -p = unknown
/bin/uname -X     = unknown

/bin/arch              = unknown
/usr/bin/arch -k       = unknown
/usr/convex/getsysinfo = unknown
hostinfo               = unknown
/bin/machine           = unknown
/usr/bin/oslevel       = unknown
/bin/universe          = unknown

PATH: /usr/local/sbin
PATH: /usr/local/bin
PATH: /usr/sbin
PATH: /usr/bin
PATH: /sbin
PATH: /bin


## ----------- ##
## Core tests. ##
## ----------- ##

configure:1351: checking for a BSD-compatible install
configure:1406: result: /usr/bin/install -c
configure:1417: checking whether build environment is sane
configure:1460: result: yes
configure:1475: checking whether make sets $(MAKE)
configure:1495: result: yes
configure:1527: checking for working aclocal-1.4
configure:1538: result: missing
configure:1542: checking for working autoconf
configure:1553: result: missing
configure:1557: checking for working automake-1.4
configure:1568: result: missing
configure:1572: checking for working autoheader
configure:1583: result: missing
configure:1587: checking for working makeinfo
configure:1598: result: missing
configure:1907: checking for gcc
configure:1923: found /usr/bin/gcc
configure:1933: result: gcc
configure:2177: checking for C compiler version
configure:2180: gcc --version </dev/null >&5
gcc (Debian 4.6.3-14+rpi1) 4.6.3
Copyright (C) 2011 Free Software Foundation, Inc.
This is free software; see the source for copying conditions.  There is NO
warranty; not even for MERCHANTABILITY or FITNESS FOR A PARTICULAR PURPOSE.

configure:2183: $? = 0
configure:2185: gcc -v </dev/null >&5
Using built-in specs.
COLLECT_GCC=gcc
COLLECT_LTO_WRAPPER=/usr/lib/gcc/arm-linux-gnueabihf/4.6/lto-wrapper
Target: arm-linux-gnueabihf
Configured with: ../src/configure -v --with-pkgversion='Debian 4.6.3-14+rpi1' --with-bugurl=file:///usr/share/doc/gcc-4.6/README.Bugs --enable-languages=c,c++,fortran,objc,obj-c++ --prefix=/usr --program-suffix=-4.6 --enable-shared --enable-linker-build-id --with-system-zlib --libexecdir=/usr/lib --without-included-gettext --enable-threads=posix --with-gxx-include-dir=/usr/include/c++/4.6 --libdir=/usr/lib --enable-nls --with-sysroot=/ --enable-clocale=gnu --enable-libstdcxx-debug --enable-libstdcxx-time=yes --enable-gnu-unique-object --enable-plugin --enable-objc-gc --disable-sjlj-exceptions --with-arch=armv6 --with-fpu=vfp --with-float=hard --enable-checking=release --build=arm-linux-gnueabihf --host=arm-linux-gnueabihf --target=arm-linux-gnueabihf
Thread model: posix
gcc version 4.6.3 (Debian 4.6.3-14+rpi1) 
configure:2188: $? = 0
configure:2190: gcc -V </dev/null >&5
gcc: error: unrecognized option '-V'
gcc: fatal error: no input files
compilation terminated.
configure:2193: $? = 4
configure:2216: checking for C compiler default output file name
configure:2219: gcc    conftest.c  >&5
configure:2222: $? = 0
configure:2268: result: a.out
configure:2273: checking whether the C compiler works
configure:2279: ./a.out
configure:2282: $? = 0
configure:2299: result: yes
configure:2306: checking whether we are cross compiling
configure:2308: result: no
configure:2311: checking for suffix of executables
configure:2313: gcc -o conftest    conftest.c  >&5
configure:2316: $? = 0
configure:2341: result: 
configure:2347: checking for suffix of object files
configure:2368: gcc -c   conftest.c >&5
configure:2371: $? = 0
configure:2393: result: o
configure:2397: checking whether we are using the GNU C compiler
configure:2421: gcc -c   conftest.c >&5
configure:2427: $? = 0
configure:2430: test -z 			 || test ! -s conftest.err
configure:2433: $? = 0
configure:2436: test -s conftest.o
configure:2439: $? = 0
configure:2452: result: yes
configure:2458: checking whether gcc accepts -g
configure:2479: gcc -c -g  conftest.c >&5
configure:2485: $? = 0
configure:2488: test -z 			 || test ! -s conftest.err
configure:2491: $? = 0
configure:2494: test -s conftest.o
configure:2497: $? = 0
configure:2508: result: yes
configure:2525: checking for gcc option to accept ANSI C
configure:2595: gcc  -c -g -O2  conftest.c >&5
configure:2601: $? = 0
configure:2604: test -z 			 || test ! -s conftest.err
configure:2607: $? = 0
configure:2610: test -s conftest.o
configure:2613: $? = 0
configure:2631: result: none needed
configure:2649: gcc -c -g -O2  conftest.c >&5
conftest.c:2:3: error: unknown type name 'choke'
conftest.c:2:3: error: expected '=', ',', ';', 'asm' or '__attribute__' at end of input
configure:2655: $? = 1
configure: failed program was:
| #ifndef __cplusplus
|   choke me
| #endif
configure:2785: checking whether make sets $(MAKE)
configure:2805: result: yes
configure:2827: checking for a BSD-compatible install
configure:2882: result: /usr/bin/install -c
configure:2934: checking for ranlib
configure:2950: found /usr/bin/ranlib
configure:2961: result: ranlib
configure:2980: checking how to run the C preprocessor
configure:3015: gcc -E  conftest.c
configure:3021: $? = 0
configure:3053: gcc -E  conftest.c
conftest.c:18:28: fatal error: ac_nonexistent.h: No such file or directory
compilation terminated.
configure:3059: $? = 1
configure: failed program was:
| /* confdefs.h.  */
| 
| #define PACKAGE_NAME ""
| #define PACKAGE_TARNAME ""
| #define PACKAGE_VERSION ""
| #define PACKAGE_STRING ""
| #define PACKAGE_BUGREPORT ""
| #define PACKAGE "MFSTools"
| #define VERSION "snapshot050221"
| #define BUILD_MFSADD 1
| #define BUILD_MLS 1
| #define BUILD_MFSD 1
| #define BUILD_BACKUP 1
| #define BUILD_RESTORE 1
| #define BUILD_COPY 1
| #define BUILD_MFSINFO 1
| /* end confdefs.h.  */
| #include <ac_nonexistent.h>
configure:3098: result: gcc -E
configure:3122: gcc -E  conftest.c
configure:3128: $? = 0
configure:3160: gcc -E  conftest.c
conftest.c:18:28: fatal error: ac_nonexistent.h: No such file or directory
compilation terminated.
configure:3166: $? = 1
configure: failed program was:
| /* confdefs.h.  */
| 
| #define PACKAGE_NAME ""
| #define PACKAGE_TARNAME ""
| #define PACKAGE_VERSION ""
| #define PACKAGE_STRING ""
| #define PACKAGE_BUGREPORT ""
| #define PACKAGE "MFSTools"
| #define VERSION "snapshot050221"
| #define BUILD_MFSADD 1
| #define BUILD_MLS 1
| #define BUILD_MFSD 1
| #define BUILD_BACKUP 1
| #define BUILD_RESTORE 1
| #define BUILD_COPY 1
| #define BUILD_MFSINFO 1
| /* end confdefs.h.  */
| #include <ac_nonexistent.h>
configure:3210: checking for egrep
configure:3220: result: grep -E
configure:3225: checking for ANSI C header files
configure:3250: gcc -c -g -O2  conftest.c >&5
configure:3256: $? = 0
configure:3259: test -z 			 || test ! -s conftest.err
configure:3262: $? = 0
configure:3265: test -s conftest.o
configure:3268: $? = 0
configure:3357: gcc -o conftest -g -O2   conftest.c  >&5
conftest.c: In function 'main':
conftest.c:35:7: warning: incompatible implicit declaration of built-in function 'exit' [enabled by default]
configure:3360: $? = 0
configure:3362: ./conftest
configure:3365: $? = 0
configure:3380: result: yes
configure:3404: checking for sys/types.h
configure:3420: gcc -c -g -O2  conftest.c >&5
configure:3426: $? = 0
configure:3429: test -z 			 || test ! -s conftest.err
configure:3432: $? = 0
configure:3435: test -s conftest.o
configure:3438: $? = 0
configure:3449: result: yes
configure:3404: checking for sys/stat.h
configure:3420: gcc -c -g -O2  conftest.c >&5
configure:3426: $? = 0
configure:3429: test -z 			 || test ! -s conftest.err
configure:3432: $? = 0
configure:3435: test -s conftest.o
configure:3438: $? = 0
configure:3449: result: yes
configure:3404: checking for stdlib.h
configure:3420: gcc -c -g -O2  conftest.c >&5
configure:3426: $? = 0
configure:3429: test -z 			 || test ! -s conftest.err
configure:3432: $? = 0
configure:3435: test -s conftest.o
configure:3438: $? = 0
configure:3449: result: yes
configure:3404: checking for string.h
configure:3420: gcc -c -g -O2  conftest.c >&5
configure:3426: $? = 0
configure:3429: test -z 			 || test ! -s conftest.err
configure:3432: $? = 0
configure:3435: test -s conftest.o
configure:3438: $? = 0
configure:3449: result: yes
configure:3404: checking for memory.h
configure:3420: gcc -c -g -O2  conftest.c >&5
configure:3426: $? = 0
configure:3429: test -z 			 || test ! -s conftest.err
configure:3432: $? = 0
configure:3435: test -s conftest.o
configure:3438: $? = 0
configure:3449: result: yes
configure:3404: checking for strings.h
configure:3420: gcc -c -g -O2  conftest.c >&5
configure:3426: $? = 0
configure:3429: test -z 			 || test ! -s conftest.err
configure:3432: $? = 0
configure:3435: test -s conftest.o
configure:3438: $? = 0
configure:3449: result: yes
configure:3404: checking for inttypes.h
configure:3420: gcc -c -g -O2  conftest.c >&5
configure:3426: $? = 0
configure:3429: test -z 			 || test ! -s conftest.err
configure:3432: $? = 0
configure:3435: test -s conftest.o
configure:3438: $? = 0
configure:3449: result: yes
configure:3404: checking for stdint.h
configure:3420: gcc -c -g -O2  conftest.c >&5
configure:3426: $? = 0
configure:3429: test -z 			 || test ! -s conftest.err
configure:3432: $? = 0
configure:3435: test -s conftest.o
configure:3438: $? = 0
configure:3449: result: yes
configure:3404: checking for unistd.h
configure:3420: gcc -c -g -O2  conftest.c >&5
configure:3426: $? = 0
configure:3429: test -z 			 || test ! -s conftest.err
configure:3432: $? = 0
configure:3435: test -s conftest.o
configure:3438: $? = 0
configure:3449: result: yes
configure:3466: checking for unistd.h
configure:3471: result: yes
configure:3624: checking asm/page.h usability
configure:3636: gcc -c -g -O2  conftest.c >&5
conftest.c:63:22: fatal error: asm/page.h: No such file or directory
compilation terminated.
configure:3642: $? = 1
configure: failed program was:
| /* confdefs.h.  */
| 
| #define PACKAGE_NAME ""
| #define PACKAGE_TARNAME ""
| #define PACKAGE_VERSION ""
| #define PACKAGE_STRING ""
| #define PACKAGE_BUGREPORT ""
| #define PACKAGE "MFSTools"
| #define VERSION "snapshot050221"
| #define BUILD_MFSADD 1
| #define BUILD_MLS 1
| #define BUILD_MFSD 1
| #define BUILD_BACKUP 1
| #define BUILD_RESTORE 1
| #define BUILD_COPY 1
| #define BUILD_MFSINFO 1
| #define STDC_HEADERS 1
| #define HAVE_SYS_TYPES_H 1
| #define HAVE_SYS_STAT_H 1
| #define HAVE_STDLIB_H 1
| #define HAVE_STRING_H 1
| #define HAVE_MEMORY_H 1
| #define HAVE_STRINGS_H 1
| #define HAVE_INTTYPES_H 1
| #define HAVE_STDINT_H 1
| #define HAVE_UNISTD_H 1
| #define HAVE_UNISTD_H 1
| /* end confdefs.h.  */
| #include <stdio.h>
| #if HAVE_SYS_TYPES_H
| # include <sys/types.h>
| #endif
| #if HAVE_SYS_STAT_H
| # include <sys/stat.h>
| #endif
| #if STDC_HEADERS
| # include <stdlib.h>
| # include <stddef.h>
| #else
| # if HAVE_STDLIB_H
| #  include <stdlib.h>
| # endif
| #endif
| #if HAVE_STRING_H
| # if !STDC_HEADERS && HAVE_MEMORY_H
| #  include <memory.h>
| # endif
| # include <string.h>
| #endif
| #if HAVE_STRINGS_H
| # include <strings.h>
| #endif
| #if HAVE_INTTYPES_H
| # include <inttypes.h>
| #else
| # if HAVE_STDINT_H
| #  include <stdint.h>
| # endif
| #endif
| #if HAVE_UNISTD_H
| # include <unistd.h>
| #endif
| #include <asm/page.h>
configure:3664: result: no
configure:3668: checking asm/page.h presence
configure:3678: gcc -E  conftest.c
conftest.c:29:22: fatal error: asm/page.h: No such file or directory
compilation terminated.
configure:3684: $? = 1
configure: failed program was:
| /* confdefs.h.  */
| 
| #define PACKAGE_NAME ""
| #define PACKAGE_TARNAME ""
| #define PACKAGE_VERSION ""
| #define PACKAGE_STRING ""
| #define PACKAGE_BUGREPORT ""
| #define PACKAGE "MFSTools"
| #define VERSION "snapshot050221"
| #define BUILD_MFSADD 1
| #define BUILD_MLS 1
| #define BUILD_MFSD 1
| #define BUILD_BACKUP 1
| #define BUILD_RESTORE 1
| #define BUILD_COPY 1
| #define BUILD_MFSINFO 1
| #define STDC_HEADERS 1
| #define HAVE_SYS_TYPES_H 1
| #define HAVE_SYS_STAT_H 1
| #define HAVE_STDLIB_H 1
| #define HAVE_STRING_H 1
| #define HAVE_MEMORY_H 1
| #define HAVE_STRINGS_H 1
| #define HAVE_INTTYPES_H 1
| #define HAVE_STDINT_H 1
| #define HAVE_UNISTD_H 1
| #define HAVE_UNISTD_H 1
| /* end confdefs.h.  */
| #include <asm/page.h>
configure:3704: result: no
configure:3739: checking for asm/page.h
configure:3746: result: no
configure:3773: checking asm/types.h usability
configure:3785: gcc -c -g -O2  conftest.c >&5
configure:3791: $? = 0
configure:3794: test -z 			 || test ! -s conftest.err
configure:3797: $? = 0
configure:3800: test -s conftest.o
configure:3803: $? = 0
configure:3813: result: yes
configure:3817: checking asm/types.h presence
configure:3827: gcc -E  conftest.c
configure:3833: $? = 0
configure:3853: result: yes
configure:3888: checking for asm/types.h
configure:3895: result: yes
configure:3922: checking ctype.h usability
configure:3934: gcc -c -g -O2  conftest.c >&5
configure:3940: $? = 0
configure:3943: test -z 			 || test ! -s conftest.err
configure:3946: $? = 0
configure:3949: test -s conftest.o
configure:3952: $? = 0
configure:3962: result: yes
configure:3966: checking ctype.h presence
configure:3976: gcc -E  conftest.c
configure:3982: $? = 0
configure:4002: result: yes
configure:4037: checking for ctype.h
configure:4044: result: yes
configure:4071: checking errno.h usability
configure:4083: gcc -c -g -O2  conftest.c >&5
configure:4089: $? = 0
configure:4092: test -z 			 || test ! -s conftest.err
configure:4095: $? = 0
configure:4098: test -s conftest.o
configure:4101: $? = 0
configure:4111: result: yes
configure:4115: checking errno.h presence
configure:4125: gcc -E  conftest.c
configure:4131: $? = 0
configure:4151: result: yes
configure:4186: checking for errno.h
configure:4193: result: yes
configure:4220: checking fcntl.h usability
configure:4232: gcc -c -g -O2  conftest.c >&5
configure:4238: $? = 0
configure:4241: test -z 			 || test ! -s conftest.err
configure:4244: $? = 0
configure:4247: test -s conftest.o
configure:4250: $? = 0
configure:4260: result: yes
configure:4264: checking fcntl.h presence
configure:4274: gcc -E  conftest.c
configure:4280: $? = 0
configure:4300: result: yes
configure:4335: checking for fcntl.h
configure:4342: result: yes
configure:4369: checking linux/fs.h usability
configure:4381: gcc -c -g -O2  conftest.c >&5
configure:4387: $? = 0
configure:4390: test -z 			 || test ! -s conftest.err
configure:4393: $? = 0
configure:4396: test -s conftest.o
configure:4399: $? = 0
configure:4409: result: yes
configure:4413: checking linux/fs.h presence
configure:4423: gcc -E  conftest.c
configure:4429: $? = 0
configure:4449: result: yes
configure:4484: checking for linux/fs.h
configure:4491: result: yes
configure:4518: checking linux/ide-tivo.h usability
configure:4530: gcc -c -g -O2  conftest.c >&5
conftest.c:68:28: fatal error: linux/ide-tivo.h: No such file or directory
compilation terminated.
configure:4536: $? = 1
configure: failed program was:
| /* confdefs.h.  */
| 
| #define PACKAGE_NAME ""
| #define PACKAGE_TARNAME ""
| #define PACKAGE_VERSION ""
| #define PACKAGE_STRING ""
| #define PACKAGE_BUGREPORT ""
| #define PACKAGE "MFSTools"
| #define VERSION "snapshot050221"
| #define BUILD_MFSADD 1
| #define BUILD_MLS 1
| #define BUILD_MFSD 1
| #define BUILD_BACKUP 1
| #define BUILD_RESTORE 1
| #define BUILD_COPY 1
| #define BUILD_MFSINFO 1
| #define STDC_HEADERS 1
| #define HAVE_SYS_TYPES_H 1
| #define HAVE_SYS_STAT_H 1
| #define HAVE_STDLIB_H 1
| #define HAVE_STRING_H 1
| #define HAVE_MEMORY_H 1
| #define HAVE_STRINGS_H 1
| #define HAVE_INTTYPES_H 1
| #define HAVE_STDINT_H 1
| #define HAVE_UNISTD_H 1
| #define HAVE_UNISTD_H 1
| #define HAVE_ASM_TYPES_H 1
| #define HAVE_CTYPE_H 1
| #define HAVE_ERRNO_H 1
| #define HAVE_FCNTL_H 1
| #define HAVE_LINUX_FS_H 1
| /* end confdefs.h.  */
| #include <stdio.h>
| #if HAVE_SYS_TYPES_H
| # include <sys/types.h>
| #endif
| #if HAVE_SYS_STAT_H
| # include <sys/stat.h>
| #endif
| #if STDC_HEADERS
| # include <stdlib.h>
| # include <stddef.h>
| #else
| # if HAVE_STDLIB_H
| #  include <stdlib.h>
| # endif
| #endif
| #if HAVE_STRING_H
| # if !STDC_HEADERS && HAVE_MEMORY_H
| #  include <memory.h>
| # endif
| # include <string.h>
| #endif
| #if HAVE_STRINGS_H
| # include <strings.h>
| #endif
| #if HAVE_INTTYPES_H
| # include <inttypes.h>
| #else
| # if HAVE_STDINT_H
| #  include <stdint.h>
| # endif
| #endif
| #if HAVE_UNISTD_H
| # include <unistd.h>
| #endif
| #include <linux/ide-tivo.h>
configure:4558: result: no
configure:4562: checking linux/ide-tivo.h presence
configure:4572: gcc -E  conftest.c
conftest.c:34:28: fatal error: linux/ide-tivo.h: No such file or directory
compilation terminated.
configure:4578: $? = 1
configure: failed program was:
| /* confdefs.h.  */
| 
| #define PACKAGE_NAME ""
| #define PACKAGE_TARNAME ""
| #define PACKAGE_VERSION ""
| #define PACKAGE_STRING ""
| #define PACKAGE_BUGREPORT ""
| #define PACKAGE "MFSTools"
| #define VERSION "snapshot050221"
| #define BUILD_MFSADD 1
| #define BUILD_MLS 1
| #define BUILD_MFSD 1
| #define BUILD_BACKUP 1
| #define BUILD_RESTORE 1
| #define BUILD_COPY 1
| #define BUILD_MFSINFO 1
| #define STDC_HEADERS 1
| #define HAVE_SYS_TYPES_H 1
| #define HAVE_SYS_STAT_H 1
| #define HAVE_STDLIB_H 1
| #define HAVE_STRING_H 1
| #define HAVE_MEMORY_H 1
| #define HAVE_STRINGS_H 1
| #define HAVE_INTTYPES_H 1
| #define HAVE_STDINT_H 1
| #define HAVE_UNISTD_H 1
| #define HAVE_UNISTD_H 1
| #define HAVE_ASM_TYPES_H 1
| #define HAVE_CTYPE_H 1
| #define HAVE_ERRNO_H 1
| #define HAVE_FCNTL_H 1
| #define HAVE_LINUX_FS_H 1
| /* end confdefs.h.  */
| #include <linux/ide-tivo.h>
configure:4598: result: no
configure:4633: checking for linux/ide-tivo.h
configure:4640: result: no
configure:4667: checking linux/unistd.h usability
configure:4679: gcc -c -g -O2  conftest.c >&5
configure:4685: $? = 0
configure:4688: test -z 			 || test ! -s conftest.err
configure:4691: $? = 0
configure:4694: test -s conftest.o
configure:4697: $? = 0
configure:4707: result: yes
configure:4711: checking linux/unistd.h presence
configure:4721: gcc -E  conftest.c
configure:4727: $? = 0
configure:4747: result: yes
configure:4782: checking for linux/unistd.h
configure:4789: result: yes
configure:4816: checking malloc.h usability
configure:4828: gcc -c -g -O2  conftest.c >&5
configure:4834: $? = 0
configure:4837: test -z 			 || test ! -s conftest.err
configure:4840: $? = 0
configure:4843: test -s conftest.o
configure:4846: $? = 0
configure:4856: result: yes
configure:4860: checking malloc.h presence
configure:4870: gcc -E  conftest.c
configure:4876: $? = 0
configure:4896: result: yes
configure:4931: checking for malloc.h
configure:4938: result: yes
configure:4965: checking netinet/in.h usability
configure:4977: gcc -c -g -O2  conftest.c >&5
configure:4983: $? = 0
configure:4986: test -z 			 || test ! -s conftest.err
configure:4989: $? = 0
configure:4992: test -s conftest.o
configure:4995: $? = 0
configure:5005: result: yes
configure:5009: checking netinet/in.h presence
configure:5019: gcc -E  conftest.c
configure:5025: $? = 0
configure:5045: result: yes
configure:5080: checking for netinet/in.h
configure:5087: result: yes
configure:5114: checking stdio.h usability
configure:5126: gcc -c -g -O2  conftest.c >&5
configure:5132: $? = 0
configure:5135: test -z 			 || test ! -s conftest.err
configure:5138: $? = 0
configure:5141: test -s conftest.o
configure:5144: $? = 0
configure:5154: result: yes
configure:5158: checking stdio.h presence
configure:5168: gcc -E  conftest.c
configure:5174: $? = 0
configure:5194: result: yes
configure:5229: checking for stdio.h
configure:5236: result: yes
configure:5254: checking for stdlib.h
configure:5259: result: yes
configure:5403: checking for string.h
configure:5408: result: yes
configure:5561: checking sys/ioctl.h usability
configure:5573: gcc -c -g -O2  conftest.c >&5
configure:5579: $? = 0
configure:5582: test -z 			 || test ! -s conftest.err
configure:5585: $? = 0
configure:5588: test -s conftest.o
configure:5591: $? = 0
configure:5601: result: yes
configure:5605: checking sys/ioctl.h presence
configure:5615: gcc -E  conftest.c
configure:5621: $? = 0
configure:5641: result: yes
configure:5676: checking for sys/ioctl.h
configure:5683: result: yes
configure:5710: checking sys/param.h usability
configure:5722: gcc -c -g -O2  conftest.c >&5
configure:5728: $? = 0
configure:5731: test -z 			 || test ! -s conftest.err
configure:5734: $? = 0
configure:5737: test -s conftest.o
configure:5740: $? = 0
configure:5750: result: yes
configure:5754: checking sys/param.h presence
configure:5764: gcc -E  conftest.c
configure:5770: $? = 0
configure:5790: result: yes
configure:5825: checking for sys/param.h
configure:5832: result: yes
configure:5850: checking for sys/stat.h
configure:5855: result: yes
configure:5999: checking for sys/types.h
configure:6004: result: yes
configure:6148: checking for stdint.h
configure:6153: result: yes
configure:6306: checking time.h usability
configure:6318: gcc -c -g -O2  conftest.c >&5
configure:6324: $? = 0
configure:6327: test -z 			 || test ! -s conftest.err
configure:6330: $? = 0
configure:6333: test -s conftest.o
configure:6336: $? = 0
configure:6346: result: yes
configure:6350: checking time.h presence
configure:6360: gcc -E  conftest.c
configure:6366: $? = 0
configure:6386: result: yes
configure:6421: checking for time.h
configure:6428: result: yes
configure:6446: checking for unistd.h
configure:6451: result: yes
configure:6604: checking zlib.h usability
configure:6616: gcc -c -g -O2  conftest.c >&5
conftest.c:81:18: fatal error: zlib.h: No such file or directory
compilation terminated.
configure:6622: $? = 1
configure: failed program was:
| /* confdefs.h.  */
| 
| #define PACKAGE_NAME ""
| #define PACKAGE_TARNAME ""
| #define PACKAGE_VERSION ""
| #define PACKAGE_STRING ""
| #define PACKAGE_BUGREPORT ""
| #define PACKAGE "MFSTools"
| #define VERSION "snapshot050221"
| #define BUILD_MFSADD 1
| #define BUILD_MLS 1
| #define BUILD_MFSD 1
| #define BUILD_BACKUP 1
| #define BUILD_RESTORE 1
| #define BUILD_COPY 1
| #define BUILD_MFSINFO 1
| #define STDC_HEADERS 1
| #define HAVE_SYS_TYPES_H 1
| #define HAVE_SYS_STAT_H 1
| #define HAVE_STDLIB_H 1
| #define HAVE_STRING_H 1
| #define HAVE_MEMORY_H 1
| #define HAVE_STRINGS_H 1
| #define HAVE_INTTYPES_H 1
| #define HAVE_STDINT_H 1
| #define HAVE_UNISTD_H 1
| #define HAVE_UNISTD_H 1
| #define HAVE_ASM_TYPES_H 1
| #define HAVE_CTYPE_H 1
| #define HAVE_ERRNO_H 1
| #define HAVE_FCNTL_H 1
| #define HAVE_LINUX_FS_H 1
| #define HAVE_LINUX_UNISTD_H 1
| #define HAVE_MALLOC_H 1
| #define HAVE_NETINET_IN_H 1
| #define HAVE_STDIO_H 1
| #define HAVE_STDLIB_H 1
| #define HAVE_STRING_H 1
| #define HAVE_SYS_IOCTL_H 1
| #define HAVE_SYS_PARAM_H 1
| #define HAVE_SYS_STAT_H 1
| #define HAVE_SYS_TYPES_H 1
| #define HAVE_STDINT_H 1
| #define HAVE_TIME_H 1
| #define HAVE_UNISTD_H 1
| /* end confdefs.h.  */
| #include <stdio.h>
| #if HAVE_SYS_TYPES_H
| # include <sys/types.h>
| #endif
| #if HAVE_SYS_STAT_H
| # include <sys/stat.h>
| #endif
| #if STDC_HEADERS
| # include <stdlib.h>
| # include <stddef.h>
| #else
| # if HAVE_STDLIB_H
| #  include <stdlib.h>
| # endif
| #endif
| #if HAVE_STRING_H
| # if !STDC_HEADERS && HAVE_MEMORY_H
| #  include <memory.h>
| # endif
| # include <string.h>
| #endif
| #if HAVE_STRINGS_H
| # include <strings.h>
| #endif
| #if HAVE_INTTYPES_H
| # include <inttypes.h>
| #else
| # if HAVE_STDINT_H
| #  include <stdint.h>
| # endif
| #endif
| #if HAVE_UNISTD_H
| # include <unistd.h>
| #endif
| #include <zlib.h>
configure:6644: result: no
configure:6648: checking zlib.h presence
configure:6658: gcc -E  conftest.c
conftest.c:47:18: fatal error: zlib.h: No such file or directory
compilation terminated.
configure:6664: $? = 1
configure: failed program was:
| /* confdefs.h.  */
| 
| #define PACKAGE_NAME ""
| #define PACKAGE_TARNAME ""
| #define PACKAGE_VERSION ""
| #define PACKAGE_STRING ""
| #define PACKAGE_BUGREPORT ""
| #define PACKAGE "MFSTools"
| #define VERSION "snapshot050221"
| #define BUILD_MFSADD 1
| #define BUILD_MLS 1
| #define BUILD_MFSD 1
| #define BUILD_BACKUP 1
| #define BUILD_RESTORE 1
| #define BUILD_COPY 1
| #define BUILD_MFSINFO 1
| #define STDC_HEADERS 1
| #define HAVE_SYS_TYPES_H 1
| #define HAVE_SYS_STAT_H 1
| #define HAVE_STDLIB_H 1
| #define HAVE_STRING_H 1
| #define HAVE_MEMORY_H 1
| #define HAVE_STRINGS_H 1
| #define HAVE_INTTYPES_H 1
| #define HAVE_STDINT_H 1
| #define HAVE_UNISTD_H 1
| #define HAVE_UNISTD_H 1
| #define HAVE_ASM_TYPES_H 1
| #define HAVE_CTYPE_H 1
| #define HAVE_ERRNO_H 1
| #define HAVE_FCNTL_H 1
| #define HAVE_LINUX_FS_H 1
| #define HAVE_LINUX_UNISTD_H 1
| #define HAVE_MALLOC_H 1
| #define HAVE_NETINET_IN_H 1
| #define HAVE_STDIO_H 1
| #define HAVE_STDLIB_H 1
| #define HAVE_STRING_H 1
| #define HAVE_SYS_IOCTL_H 1
| #define HAVE_SYS_PARAM_H 1
| #define HAVE_SYS_STAT_H 1
| #define HAVE_SYS_TYPES_H 1
| #define HAVE_STDINT_H 1
| #define HAVE_TIME_H 1
| #define HAVE_UNISTD_H 1
| /* end confdefs.h.  */
| #include <zlib.h>
configure:6684: result: no
configure:6719: checking for zlib.h
configure:6726: result: no
configure:6836: creating ./config.status

## ---------------------- ##
## Running config.status. ##
## ---------------------- ##

This file was extended by config.status, which was
generated by GNU Autoconf 2.59.  Invocation command line was

  CONFIG_FILES    = 
  CONFIG_HEADERS  = 
  CONFIG_LINKS    = 
  CONFIG_COMMANDS = 
  $ ./config.status 

on pi2

config.status:737: creating Makefile
config.status:737: creating lib/Makefile
config.status:737: creating mfsadd/Makefile
config.status:737: creating mls/Makefile
config.status:737: creating mfsd/Makefile
config.status:737: creating backup/Makefile
config.status:737: creating restore/Makefile
config.status:737: creating mfscopy/Makefile
config.status:737: creating mfsinfo/Makefile
config.status:737: creating mfstool/Makefile
config.status:803: creating include/config.h
config.status:977: include/config.h is unchanged
config.status:1135: executing default-1 commands

## ---------------- ##
## Cache variables. ##
## ---------------- ##

ac_cv_c_compiler_gnu=yes
ac_cv_env_CC_set=
ac_cv_env_CC_value=
ac_cv_env_CFLAGS_set=
ac_cv_env_CFLAGS_value=
ac_cv_env_CPPFLAGS_set=
ac_cv_env_CPPFLAGS_value=
ac_cv_env_CPP_set=
ac_cv_env_CPP_value=
ac_cv_env_LDFLAGS_set=
ac_cv_env_LDFLAGS_value=
ac_cv_env_build_alias_set=
ac_cv_env_build_alias_value=
ac_cv_env_host_alias_set=
ac_cv_env_host_alias_value=
ac_cv_env_target_alias_set=
ac_cv_env_target_alias_value=
ac_cv_exeext=
ac_cv_header_asm_page_h=no
ac_cv_header_asm_types_h=yes
ac_cv_header_ctype_h=yes
ac_cv_header_errno_h=yes
ac_cv_header_fcntl_h=yes
ac_cv_header_inttypes_h=yes
ac_cv_header_linux_fs_h=yes
ac_cv_header_linux_ide_tivo_h=no
ac_cv_header_linux_unistd_h=yes
ac_cv_header_malloc_h=yes
ac_cv_header_memory_h=yes
ac_cv_header_netinet_in_h=yes
ac_cv_header_stdc=yes
ac_cv_header_stdint_h=yes
ac_cv_header_stdio_h=yes
ac_cv_header_stdlib_h=yes
ac_cv_header_string_h=yes
ac_cv_header_strings_h=yes
ac_cv_header_sys_ioctl_h=yes
ac_cv_header_sys_param_h=yes
ac_cv_header_sys_stat_h=yes
ac_cv_header_sys_types_h=yes
ac_cv_header_time_h=yes
ac_cv_header_unistd_h=yes
ac_cv_header_zlib_h=no
ac_cv_objext=o
ac_cv_path_install='/usr/bin/install -c'
ac_cv_prog_CPP='gcc -E'
ac_cv_prog_ac_ct_CC=gcc
ac_cv_prog_ac_ct_RANLIB=ranlib
ac_cv_prog_cc_g=yes
ac_cv_prog_cc_stdc=
ac_cv_prog_egrep='grep -E'
ac_cv_prog_make_make_set=yes

## ----------------- ##
## Output variables. ##
## ----------------- ##

ACLOCAL='/root/MFSTools-snapshot050221/missing aclocal-1.4'
AUTOCONF='/root/MFSTools-snapshot050221/missing autoconf'
AUTOHEADER='/root/MFSTools-snapshot050221/missing autoheader'
AUTOMAKE='/root/MFSTools-snapshot050221/missing automake-1.4'
BUILD_BACKUP_FALSE='#'
BUILD_BACKUP_TRUE=''
BUILD_COPY_FALSE='#'
BUILD_COPY_TRUE=''
BUILD_MFSADD_FALSE='#'
BUILD_MFSADD_TRUE=''
BUILD_MFSAPPS_FALSE='#'
BUILD_MFSAPPS_TRUE=''
BUILD_MFSD_FALSE='#'
BUILD_MFSD_TRUE=''
BUILD_MFSINFO_FALSE='#'
BUILD_MFSINFO_TRUE=''
BUILD_MFSTOOL_FALSE='#'
BUILD_MFSTOOL_TRUE=''
BUILD_MLS_FALSE='#'
BUILD_MLS_TRUE=''
BUILD_RESTORE_FALSE='#'
BUILD_RESTORE_TRUE=''
CC='gcc'
CFLAGS='-g -O2'
CPP='gcc -E'
CPPFLAGS=''
DEFS='-DHAVE_CONFIG_H'
ECHO_C=''
ECHO_N='-n'
ECHO_T=''
EGREP='grep -E'
EXEEXT=''
INSTALL_DATA='${INSTALL} -m 644'
INSTALL_PROGRAM='${INSTALL}'
INSTALL_SCRIPT='${INSTALL}'
LDFLAGS=''
LIBOBJS=''
LIBS=''
LTLIBOBJS=''
MAKEINFO='/root/MFSTools-snapshot050221/missing makeinfo'
OBJEXT='o'
PACKAGE='MFSTools'
PACKAGE_BUGREPORT=''
PACKAGE_NAME=''
PACKAGE_STRING=''
PACKAGE_TARNAME=''
PACKAGE_VERSION=''
PATH_SEPARATOR=':'
RANLIB='ranlib'
SET_MAKE=''
SHELL='/bin/bash'
VERSION='snapshot050221'
ac_ct_CC='gcc'
ac_ct_RANLIB='ranlib'
bindir='${exec_prefix}/bin'
build_alias=''
datadir='${prefix}/share'
exec_prefix='${prefix}'
host_alias=''
includedir='${prefix}/include'
infodir='${prefix}/info'
libdir='${exec_prefix}/lib'
libexecdir='${exec_prefix}/libexec'
localstatedir='${prefix}/var'
mandir='${prefix}/man'
oldincludedir='/usr/include'
prefix='/usr/local'
program_transform_name='s,x,x,'
sbindir='${exec_prefix}/sbin'
sharedstatedir='${prefix}/com'
sysconfdir='${prefix}/etc'
target_alias=''

## ----------- ##
## confdefs.h. ##
## ----------- ##

#define BUILD_BACKUP 1
#define BUILD_COPY 1
#define BUILD_MFSADD 1
#define BUILD_MFSD 1
#define BUILD_MFSINFO 1
#define BUILD_MLS 1
#define BUILD_RESTORE 1
#define HAVE_ASM_TYPES_H 1
#define HAVE_CTYPE_H 1
#define HAVE_ERRNO_H 1
#define HAVE_FCNTL_H 1
#define HAVE_INTTYPES_H 1
#define HAVE_LINUX_FS_H 1
#define HAVE_LINUX_UNISTD_H 1
#define HAVE_MALLOC_H 1
#define HAVE_MEMORY_H 1
#define HAVE_NETINET_IN_H 1
#define HAVE_STDINT_H 1
#define HAVE_STDINT_H 1
#define HAVE_STDIO_H 1
#define HAVE_STDLIB_H 1
#define HAVE_STDLIB_H 1
#define HAVE_STRINGS_H 1
#define HAVE_STRING_H 1
#define HAVE_STRING_H 1
#define HAVE_SYS_IOCTL_H 1
#define HAVE_SYS_PARAM_H 1
#define HAVE_SYS_STAT_H 1
#define HAVE_SYS_STAT_H 1
#define HAVE_SYS_TYPES_H 1
#define HAVE_SYS_TYPES_H 1
#define HAVE_TIME_H 1
#define HAVE_UNISTD_H 1
#define HAVE_UNISTD_H 1
#define HAVE_UNISTD_H 1
#define PACKAGE "MFSTools"
#define PACKAGE_BUGREPORT ""
#define PACKAGE_NAME ""
#define PACKAGE_STRING ""
#define PACKAGE_TARNAME ""
#define PACKAGE_VERSION ""
#define STDC_HEADERS 1
#define VERSION "snapshot050221"

configure: exit 0
